<?xml version="1.0" encoding="UTF-8"?>
<testng-results skipped="0" failed="0" total="2" passed="2">
  <reporter-output>
  </reporter-output>
  <suite name="Default suite" duration-ms="18743" started-at="2018-07-22T16:52:28Z" finished-at="2018-07-22T16:52:47Z">
    <groups>
    </groups>
    <test name="Default test" duration-ms="18743" started-at="2018-07-22T16:52:28Z" finished-at="2018-07-22T16:52:47Z">
      <class name="com.test.VerifyFb">
        <test-method status="PASS" signature="launchB()[pri:0, instance:com.test.VerifyFb@1ceabc1]" name="launchB" is-config="true" duration-ms="18018" started-at="2018-07-22T22:22:28Z" finished-at="2018-07-22T22:22:46Z">
          <reporter-output>
          </reporter-output>
        </test-method> <!-- launchB -->
        <test-method status="PASS" signature="checkuser()[pri:0, instance:com.test.VerifyFb@1ceabc1]" name="checkuser" duration-ms="473" started-at="2018-07-22T22:22:46Z" finished-at="2018-07-22T22:22:46Z">
          <reporter-output>
          </reporter-output>
        </test-method> <!-- checkuser -->
        <test-method status="PASS" signature="logout()[pri:0, instance:com.test.VerifyFb@1ceabc1]" name="logout" duration-ms="159" started-at="2018-07-22T22:22:46Z" finished-at="2018-07-22T22:22:47Z">
          <reporter-output>
          </reporter-output>
        </test-method> <!-- logout -->
        <test-method status="PASS" signature="Lg()[pri:0, instance:com.test.VerifyFb@1ceabc1]" name="Lg" is-config="true" duration-ms="36" started-at="2018-07-22T22:22:47Z" finished-at="2018-07-22T22:22:47Z">
          <reporter-output>
          </reporter-output>
        </test-method> <!-- Lg -->
      </class> <!-- com.test.VerifyFb -->
    </test> <!-- Default test -->
  </suite> <!-- Default suite -->
</testng-results>
